\BOOKMARK [0][-]{chapter.1}{\376\377\145\160\133\146}{}% 1
\BOOKMARK [1][-]{section.1.1}{\376\377\127\372\147\054\151\202\137\365}{chapter.1}% 2
\BOOKMARK [2][-]{subsection.1.1.1}{\376\377\121\155\131\047\127\372\147\054\122\035\173\111\121\375\145\160}{section.1.1}% 3
\BOOKMARK [2][-]{subsection.1.1.2}{\376\377\116\313\120\074\133\232\164\006}{section.1.1}% 4
\BOOKMARK [2][-]{subsection.1.1.3}{\376\377\116\214\230\171\137\017\133\232\164\006}{section.1.1}% 5
\BOOKMARK [2][-]{subsection.1.1.4}{\376\377\143\222\122\027\176\304\124\010}{section.1.1}% 6
\BOOKMARK [2][-]{subsection.1.1.5}{\376\377\147\201\127\120\150\007}{section.1.1}% 7
\BOOKMARK [3][-]{subsubsection.1.1.5.1}{\376\377\147\201\127\120\150\007\174\373\116\013\166\204\227\142\171\357}{subsection.1.1.5}% 8
\BOOKMARK [3][-]{subsubsection.1.1.5.2}{\376\377\217\154\143\142\121\154\137\017}{subsection.1.1.5}% 9
\BOOKMARK [2][-]{subsection.1.1.6}{\376\377\226\366\145\143\166\204\133\232\116\111}{section.1.1}% 10
\BOOKMARK [2][-]{subsection.1.1.7}{\376\377\226\366\145\143\166\204\140\035\140\363}{section.1.1}% 11
\BOOKMARK [1][-]{section.1.2}{\376\377\116\011\211\322\121\375\145\160}{chapter.1}% 12
\BOOKMARK [2][-]{subsection.1.2.1}{\376\377\153\143\116\011\211\322\121\375\145\160}{section.1.2}% 13
\BOOKMARK [2][-]{subsection.1.2.2}{\376\377\123\315\116\011\211\322\121\375\145\160}{section.1.2}% 14
\BOOKMARK [2][-]{subsection.1.2.3}{\376\377\124\214\135\356\123\026\171\357}{section.1.2}% 15
\BOOKMARK [2][-]{subsection.1.2.4}{\376\377\171\357\123\026\124\214\135\356}{section.1.2}% 16
\BOOKMARK [2][-]{subsection.1.2.5}{\376\377\213\361\133\374\121\154\137\017}{section.1.2}% 17
\BOOKMARK [3][-]{subsubsection.1.2.5.1}{\376\377\173\054\116\000\176\304\213\361\133\374\121\154\137\017}{subsection.1.2.5}% 18
\BOOKMARK [3][-]{subsubsection.1.2.5.2}{\376\377\173\054\116\214\176\304\213\361\133\374\121\154\137\017}{subsection.1.2.5}% 19
\BOOKMARK [3][-]{subsubsection.1.2.5.3}{\376\377\173\054\116\011\176\304\213\361\133\374\121\154\137\017}{subsection.1.2.5}% 20
\BOOKMARK [3][-]{subsubsection.1.2.5.4}{\376\377\173\054\126\333\176\304\213\361\133\374\121\154\137\017}{subsection.1.2.5}% 21
\BOOKMARK [3][-]{subsubsection.1.2.5.5}{\376\377\173\054\116\224\176\304\213\361\133\374\121\154\137\017}{subsection.1.2.5}% 22
\BOOKMARK [3][-]{subsubsection.1.2.5.6}{\376\377\173\054\121\155\176\304\213\361\133\374\121\154\137\017}{subsection.1.2.5}% 23
\BOOKMARK [3][-]{subsubsection.1.2.5.7}{\376\377\147\102\230\171}{subsection.1.2.5}% 24
\BOOKMARK [2][-]{subsection.1.2.6}{\376\377\120\015\211\322\121\154\137\017}{section.1.2}% 25
\BOOKMARK [3][-]{subsubsection.1.2.6.1}{\376\377\116\214\120\015\211\322\121\154\137\017}{subsection.1.2.6}% 26
\BOOKMARK [3][-]{subsubsection.1.2.6.2}{\376\377\123\112\120\015\211\322\121\154\137\017}{subsection.1.2.6}% 27
\BOOKMARK [3][-]{subsubsection.1.2.6.3}{\376\377\000n\120\015\211\322\121\154\137\017}{subsection.1.2.6}% 28
\BOOKMARK [3][-]{subsubsection.1.2.6.4}{\376\377\116\007\200\375\146\377\143\142\121\154\137\017}{subsection.1.2.6}% 29
\BOOKMARK [2][-]{subsection.1.2.7}{\376\377\116\011\211\322\140\122\173\111\137\017}{section.1.2}% 30
\BOOKMARK [2][-]{subsection.1.2.8}{\376\377\211\343\145\234\116\011\211\322\137\142}{section.1.2}% 31
\BOOKMARK [3][-]{subsubsection.1.2.8.1}{\376\377\153\143\137\046\133\232\164\006}{subsection.1.2.8}% 32
\BOOKMARK [3][-]{subsubsection.1.2.8.2}{\376\377\117\131\137\046\133\232\164\006}{subsection.1.2.8}% 33
\BOOKMARK [1][-]{section.1.3}{\376\377\172\172\225\364\211\343\147\220\121\340\117\125}{chapter.1}% 34
\BOOKMARK [1][-]{section.1.4}{\376\377\137\256\171\357\122\006}{chapter.1}% 35
\BOOKMARK [2][-]{subsection.1.4.1}{\376\377\147\201\226\120}{section.1.4}% 36
\BOOKMARK [3][-]{subsubsection.1.4.1.1}{\376\377\133\232\164\006}{subsection.1.4.1}% 37
\BOOKMARK [3][-]{subsubsection.1.4.1.2}{\376\377\221\315\211\201\147\201\226\120}{subsection.1.4.1}% 38
\BOOKMARK [3][-]{subsubsection.1.4.1.3}{\376\377\173\111\116\367\145\340\172\167\134\017}{subsection.1.4.1}% 39
\BOOKMARK [2][-]{subsection.1.4.2}{\376\377\133\374\145\160}{section.1.4}% 40
\BOOKMARK [3][-]{subsubsection.1.4.2.1}{\376\377\154\102\133\374\154\325\122\031}{subsection.1.4.2}% 41
\BOOKMARK [3][-]{subsubsection.1.4.2.2}{\376\377\131\015\124\010\121\375\145\160\154\102\133\374}{subsection.1.4.2}% 42
\BOOKMARK [3][-]{subsubsection.1.4.2.3}{\376\377\154\102\133\374\121\154\137\017\210\150}{subsection.1.4.2}% 43
\BOOKMARK [3][-]{subsubsection.1.4.2.4}{\376\377\176\277\140\047\217\321\117\074\000/\162\133\230\177\154\325\217\321\117\074\121\375\145\160\000/\154\102\145\271\172\013\211\343}{subsection.1.4.2}% 44
\BOOKMARK [2][-]{subsection.1.4.3}{\376\377\120\117\133\374\145\160}{section.1.4}% 45
\BOOKMARK [3][-]{subsubsection.1.4.3.1}{\376\377\121\150\137\256\122\006}{subsection.1.4.3}% 46
\BOOKMARK [2][-]{subsection.1.4.4}{\376\377\137\256\122\006}{section.1.4}% 47
\BOOKMARK [3][-]{subsubsection.1.4.4.1}{\376\377\137\256\122\006\121\154\137\017}{subsection.1.4.4}% 48
\BOOKMARK [3][-]{subsubsection.1.4.4.2}{\376\377\131\015\124\010\137\256\122\006}{subsection.1.4.4}% 49
\BOOKMARK [3][-]{subsubsection.1.4.4.3}{\376\377\177\127\134\024\116\055\120\074\133\232\164\006}{subsection.1.4.4}% 50
\BOOKMARK [3][-]{subsubsection.1.4.4.4}{\376\377\142\311\150\074\147\027\145\345\116\055\120\074\133\232\164\006}{subsection.1.4.4}% 51
\BOOKMARK [3][-]{subsubsection.1.4.4.5}{\376\377\147\357\211\177\116\055\120\074\133\232\164\006}{subsection.1.4.4}% 52
\BOOKMARK [2][-]{subsection.1.4.5}{\376\377\116\015\133\232\171\357\122\006}{section.1.4}% 53
\BOOKMARK [3][-]{subsubsection.1.4.5.1}{\376\377\116\015\133\232\171\357\122\006\121\154\137\017}{subsection.1.4.5}% 54
\BOOKMARK [3][-]{subsubsection.1.4.5.2}{\376\377\116\015\133\232\171\357\122\006\173\054\116\000\174\173\143\142\121\103\171\357\122\006\154\325}{subsection.1.4.5}% 55
\BOOKMARK [3][-]{subsubsection.1.4.5.3}{\376\377\116\015\133\232\171\357\122\006\173\054\116\214\174\173\143\142\121\103\171\357\122\006\154\325}{subsection.1.4.5}% 56
\BOOKMARK [3][-]{subsubsection.1.4.5.4}{\376\377\122\006\220\350\171\357\122\006\154\325}{subsection.1.4.5}% 57
\BOOKMARK [2][-]{subsection.1.4.6}{\376\377\133\232\171\357\122\006}{section.1.4}% 58
\BOOKMARK [3][-]{subsubsection.1.4.6.1}{\376\377\133\232\116\111}{subsection.1.4.6}% 59
\BOOKMARK [3][-]{subsubsection.1.4.6.2}{\376\377\140\047\215\050}{subsection.1.4.6}% 60
\BOOKMARK [3][-]{subsubsection.1.4.6.3}{\376\377\133\232\171\357\122\006\173\054\116\000\174\173\143\142\121\103\171\357\122\006\154\325}{subsection.1.4.6}% 61
\BOOKMARK [3][-]{subsubsection.1.4.6.4}{\376\377\133\232\171\357\122\006\173\054\116\214\174\173\143\142\121\103\171\357\122\006\154\325}{subsection.1.4.6}% 62
\BOOKMARK [3][-]{subsubsection.1.4.6.5}{\376\377\171\357\122\006\116\012\226\120\121\375\145\160}{subsection.1.4.6}% 63
\BOOKMARK [3][-]{subsubsection.1.4.6.6}{\376\377\162\133\230\177\000-\203\261\136\003\134\074\121\171\121\154\137\017\000/\137\256\171\357\122\006\127\372\147\054\133\232\164\006}{subsection.1.4.6}% 64
\BOOKMARK [3][-]{subsubsection.1.4.6.7}{\376\377\171\357\122\006\116\313\120\074\133\232\164\006}{subsection.1.4.6}% 65
\BOOKMARK [3][-]{subsubsection.1.4.6.8}{\376\377\123\072\225\364\121\215\163\260\121\154\137\017}{subsection.1.4.6}% 66
\BOOKMARK [3][-]{subsubsection.1.4.6.9}{\376\377\171\357\122\006\173\054\116\000\116\055\120\074\133\232\164\006}{subsection.1.4.6}% 67
\BOOKMARK [3][-]{subsubsection.1.4.6.10}{\376\377\171\357\122\006\173\054\116\214\116\055\120\074\133\232\164\006}{subsection.1.4.6}% 68
\BOOKMARK [3][-]{subsubsection.1.4.6.11}{\376\377\133\232\171\357\122\006\154\102\136\163\227\142\121\375\145\160\146\362\176\277\137\047\225\177}{subsection.1.4.6}% 69
\BOOKMARK [2][-]{subsection.1.4.7}{\376\377\123\315\136\070\171\357\122\006}{section.1.4}% 70
\BOOKMARK [3][-]{subsubsection.1.4.7.1}{\376\377\145\340\172\167\226\120\123\315\136\070\171\357\122\006}{subsection.1.4.7}% 71
\BOOKMARK [3][-]{subsubsection.1.4.7.2}{\376\377\145\340\165\114\121\375\145\160\123\315\136\070\171\357\122\006}{subsection.1.4.7}% 72
\BOOKMARK [3][-]{subsubsection.1.4.7.3}{\376\377\000g\000a\000m\000m\000a\121\375\145\160}{subsection.1.4.7}% 73
\BOOKMARK [2][-]{subsection.1.4.8}{\376\377\145\340\172\167\176\247\145\160}{section.1.4}% 74
\BOOKMARK [3][-]{subsubsection.1.4.8.1}{\376\377\154\360\122\322\121\154\137\017\000/\154\360\122\322\176\247\145\160\000/\134\125\137\000}{subsection.1.4.8}% 75
\BOOKMARK [2][-]{subsection.1.4.9}{\376\377\137\256\122\006\145\271\172\013}{section.1.4}% 76
\BOOKMARK [3][-]{subsubsection.1.4.9.1}{\376\377\116\000\226\066\176\277\140\047\137\256\122\006\145\271\172\013}{subsection.1.4.9}% 77
\BOOKMARK [3][-]{subsubsection.1.4.9.2}{\376\377\000*\147\011\165\221\140\321\000/\225\031\213\357\000\040\117\057\122\252\122\051\145\271\172\013}{subsection.1.4.9}% 78
\BOOKMARK [3][-]{subsubsection.1.4.9.3}{\376\377\123\357\226\115\226\066\232\330\226\066\137\256\122\006\145\271\172\013}{subsection.1.4.9}% 79
\BOOKMARK [3][-]{subsubsection.1.4.9.4}{\376\377\136\070\174\373\145\160\237\120\153\041\176\277\140\047\137\256\122\006\145\271\172\013}{subsection.1.4.9}% 80
\BOOKMARK [3][-]{subsubsection.1.4.9.5}{\376\377\121\163\116\216\217\320\122\250\166\204\137\256\122\006\145\271\172\013\000/\176\277\140\047\136\070\174\373\145\160\137\256\122\006\145\271\172\013}{subsection.1.4.9}% 81
\BOOKMARK [3][-]{subsubsection.1.4.9.6}{\376\377\121\163\116\216\130\236\225\177\166\204\137\256\122\006\145\271\172\013\000/\227\136\176\277\140\047\137\256\122\006\145\271\172\013\000/\120\117\137\256\122\006\145\271\172\013\122\147\220\017}{subsection.1.4.9}% 82
\BOOKMARK [1][-]{section.1.5}{\376\377\232\330\173\111\116\343\145\160\000/\176\277\140\047\116\343\145\160}{chapter.1}% 83
\BOOKMARK [2][-]{subsection.1.5.1}{\376\377\133\232\116\111\060\001\211\343\221\312\060\001\122\115\212\000}{section.1.5}% 84
\BOOKMARK [3][-]{subsubsection.1.5.1.1}{\376\377\116\300\116\110\146\057\176\277\140\047\123\330\143\142}{subsection.1.5.1}% 85
\BOOKMARK [3][-]{subsubsection.1.5.1.2}{\376\377\121\163\116\216\142\275\214\141\124\021\221\317\172\172\225\364}{subsection.1.5.1}% 86
\BOOKMARK [1][-]{section.1.6}{\376\377\145\160\213\272}{chapter.1}% 87
\BOOKMARK [1][-]{section.1.7}{\376\377\127\072\213\272}{chapter.1}% 88
\BOOKMARK [1][-]{section.1.8}{\376\377\177\244\213\272}{chapter.1}% 89
\BOOKMARK [1][-]{section.1.9}{\376\377\167\351\226\065\213\272}{chapter.1}% 90
\BOOKMARK [0][-]{chapter.2}{\376\377\213\241\173\227\147\072\171\321\133\146}{}% 91
\BOOKMARK [1][-]{section.2.1}{\376\377\177\026\172\013}{chapter.2}% 92
\BOOKMARK [1][-]{section.2.2}{\376\377\177\121\176\334\133\211\121\150}{chapter.2}% 93
\BOOKMARK [1][-]{section.2.3}{\376\377\221\315\211\201\142\200\147\057}{chapter.2}% 94
\BOOKMARK [2][-]{subsection.2.3.1}{\376\377\213\241\173\227\147\072\126\376\137\142\133\146}{section.2.3}% 95
\BOOKMARK [3][-]{subsubsection.2.3.1.1}{\376\377\133\371\116\216\176\277\140\047\116\343\145\160\220\350\122\006\166\204\210\145\121\105\116\016\142\151\134\125}{subsection.2.3.1}% 96
\BOOKMARK [3][-]{subsubsection.2.3.1.2}{\376\377\123\330\143\142}{subsection.2.3.1}% 97
\BOOKMARK [3][-]{subsubsection.2.3.1.3}{\376\377\237\120\153\041\127\120\150\007}{subsection.2.3.1}% 98
\BOOKMARK [3][-]{subsubsection.2.3.1.4}{\376\377\176\304\124\010\123\330\143\142}{subsection.2.3.1}% 99
\BOOKMARK [3][-]{subsubsection.2.3.1.5}{\376\377\116\011\176\364\123\330\143\142}{subsection.2.3.1}% 100
\BOOKMARK [1][-]{section.2.4}{\376\377\170\154\116\366}{chapter.2}% 101
\BOOKMARK [1][-]{section.2.5}{\376\377\177\121\176\334\220\032\117\341}{chapter.2}% 102
\BOOKMARK [1][-]{section.2.6}{\376\377\171\321\170\024\217\205\122\251}{chapter.2}% 103
